<?xml version="1.0" encoding="UTF-8"?>
<testsuite name="musicbase.MusicBaseApplicationTests" tests="1" skipped="0" failures="0" errors="0" timestamp="2023-07-05T16:55:37" hostname="LENOVO-ADAM" time="0.193">
  <properties/>
  <testcase name="contextLoads()" classname="musicbase.MusicBaseApplicationTests" time="0.193"/>
  <system-out><![CDATA[18:55:31.278 [Test worker] DEBUG org.springframework.boot.test.context.SpringBootTestContextBootstrapper - Neither @ContextConfiguration nor @ContextHierarchy found for test class [MusicBaseApplicationTests]: using SpringBootContextLoader
18:55:31.285 [Test worker] DEBUG org.springframework.test.context.support.AbstractContextLoader - Could not detect default resource locations for test class [musicbase.MusicBaseApplicationTests]: no resource found for suffixes {-context.xml, Context.groovy}.
18:55:31.286 [Test worker] INFO org.springframework.test.context.support.AnnotationConfigContextLoaderUtils - Could not detect default configuration classes for test class [musicbase.MusicBaseApplicationTests]: MusicBaseApplicationTests does not declare any static, non-private, non-final, nested classes annotated with @Configuration.
18:55:31.315 [Test worker] DEBUG org.springframework.boot.test.context.SpringBootTestContextBootstrapper - Using ContextCustomizers for test class [MusicBaseApplicationTests]: [DisableObservabilityContextCustomizer, PropertyMappingContextCustomizer, Customizer, ExcludeFilterContextCustomizer, DuplicateJsonObjectContextCustomizer, MockitoContextCustomizer, TestRestTemplateContextCustomizer]
18:55:31.378 [Test worker] DEBUG org.springframework.context.annotation.ClassPathScanningCandidateComponentProvider - Identified candidate component class: file [C:\Users\adamb\eclipse-workspace\MusicBaseSpring\build\classes\java\main\musicbase\MusicBaseApplication.class]
18:55:31.381 [Test worker] INFO org.springframework.boot.test.context.SpringBootTestContextBootstrapper - Found @SpringBootConfiguration musicbase.MusicBaseApplication for test class musicbase.MusicBaseApplicationTests
18:55:31.488 [Test worker] DEBUG org.springframework.boot.test.context.SpringBootTestContextBootstrapper - Using TestExecutionListeners for test class [MusicBaseApplicationTests]: [ServletTestExecutionListener, DirtiesContextBeforeModesTestExecutionListener, ApplicationEventsTestExecutionListener, MockitoTestExecutionListener, DependencyInjectionTestExecutionListener, DirtiesContextTestExecutionListener, TransactionalTestExecutionListener, SqlScriptsTestExecutionListener, WithSecurityContextTestExecutionListener, EventPublishingTestExecutionListener, ReactorContextTestExecutionListener, RestDocsTestExecutionListener, MockRestServiceServerResetTestExecutionListener, MockMvcPrintOnlyOnFailureTestExecutionListener, WebDriverTestExecutionListener, MockWebServiceServerTestExecutionListener, ResetMocksTestExecutionListener]
18:55:31.492 [Test worker] DEBUG org.springframework.test.context.support.AbstractDirtiesContextTestExecutionListener - Before test class: class [MusicBaseApplicationTests], class annotated with @DirtiesContext [false] with mode [null]

  .   ____          _            __ _ _
 /\\ / ___'_ __ _ _(_)_ __  __ _ \ \ \ \
( ( )\___ | '_ | '_| | '_ \/ _` | \ \ \ \
 \\/  ___)| |_)| | | | | || (_| |  ) ) ) )
  '  |____| .__|_| |_|_| |_\__, | / / / /
 =========|_|==============|___/=/_/_/_/
 :: Spring Boot ::                (v3.0.1)

2023-07-05T18:55:31.825+02:00  INFO 61304 --- [    Test worker] musicbase.MusicBaseApplicationTests      : Starting MusicBaseApplicationTests using Java 20.0.1 with PID 61304 (started by adamb in C:\Users\adamb\eclipse-workspace\MusicBaseSpring)
2023-07-05T18:55:31.827+02:00  INFO 61304 --- [    Test worker] musicbase.MusicBaseApplicationTests      : No active profile set, falling back to 1 default profile: "default"
2023-07-05T18:55:33.714+02:00  INFO 61304 --- [    Test worker] o.hibernate.jpa.internal.util.LogHelper  : HHH000204: Processing PersistenceUnitInfo [name: default]
2023-07-05T18:55:33.792+02:00  INFO 61304 --- [    Test worker] org.hibernate.Version                    : HHH000412: Hibernate ORM core version 6.1.6.Final
2023-07-05T18:55:34.028+02:00  WARN 61304 --- [    Test worker] org.hibernate.orm.deprecation            : HHH90000021: Encountered deprecated setting [javax.persistence.sharedCache.mode], use [jakarta.persistence.sharedCache.mode] instead
2023-07-05T18:55:34.192+02:00  INFO 61304 --- [    Test worker] com.zaxxer.hikari.HikariDataSource       : HikariPool-1 - Starting...
2023-07-05T18:55:34.444+02:00  INFO 61304 --- [    Test worker] com.zaxxer.hikari.pool.HikariPool        : HikariPool-1 - Added connection org.postgresql.jdbc.PgConnection@9d99851
2023-07-05T18:55:34.447+02:00  INFO 61304 --- [    Test worker] com.zaxxer.hikari.HikariDataSource       : HikariPool-1 - Start completed.
2023-07-05T18:55:34.490+02:00  INFO 61304 --- [    Test worker] SQL dialect                              : HHH000400: Using dialect: org.hibernate.dialect.PostgreSQLDialect
2023-07-05T18:55:35.852+02:00  INFO 61304 --- [    Test worker] o.h.e.t.j.p.i.JtaPlatformInitiator       : HHH000490: Using JtaPlatform implementation: [org.hibernate.engine.transaction.jta.platform.internal.NoJtaPlatform]
2023-07-05T18:55:37.587+02:00  INFO 61304 --- [    Test worker] musicbase.MusicBaseApplicationTests      : Started MusicBaseApplicationTests in 6.039 seconds (process running for 7.386)
]]></system-out>
  <system-err><![CDATA[]]></system-err>
</testsuite>
